<?xml version="1.0" encoding="UTF-8"?>
<!-- Generated by org.testng.reporters.JUnitReportReporter -->
<testsuite hostname="DESKTOP-B6NN9JJ" failures="0" tests="1" name="vennilaScript.TC_001_Login" time="5.805" errors="0" timestamp="2023-11-04T23:46:13 IST" skipped="0">
  <testcase classname="vennilaScript.TC_001_Login" name="tc_01_Login" time="5.805"/>
</testsuite> <!-- vennilaScript.TC_001_Login -->
