<?xml version="1.0" encoding="UTF-8"?>
<!-- Generated by org.testng.reporters.JUnitReportReporter -->
<testsuite hostname="DESKTOP-B6NN9JJ" failures="0" tests="1" name="vennilaScript.TC_002_CreateLead" time="4.705" errors="0" timestamp="2023-11-04T23:46:13 IST" skipped="0">
  <testcase classname="vennilaScript.TC_002_CreateLead" name="tc_02_CreateLead" time="4.705"/>
</testsuite> <!-- vennilaScript.TC_002_CreateLead -->
